2018-08-24 23:32:15 Error: [MissingControllerException] Controller class Rfc1.phpController could not be found.
Exception Attributes: array (
  'class' => 'Rfc1.phpController',
  'plugin' => NULL,
)
Request URL: /cakephp/rfc1.php
Stack Trace:
#0 /var/www/html/cakephp/app/webroot/index.php(118): Dispatcher->dispatch(Object(CakeRequest), Object(CakeResponse))
#1 {main}
2018-08-25 03:04:54 Error: [MissingViewException] View file "Tarefas/index.ctp" is missing.
Exception Attributes: array (
  'file' => 'Tarefas/index.ctp',
)
Request URL: /cakephp/tarefas
Stack Trace:
#0 /var/www/html/cakephp/lib/Cake/View/View.php(470): View->_getViewFileName(NULL)
#1 /var/www/html/cakephp/lib/Cake/Controller/Controller.php(963): View->render(NULL, NULL)
#2 /var/www/html/cakephp/lib/Cake/Routing/Dispatcher.php(200): Controller->render()
#3 /var/www/html/cakephp/lib/Cake/Routing/Dispatcher.php(167): Dispatcher->_invoke(Object(TarefasController), Object(CakeRequest))
#4 /var/www/html/cakephp/app/webroot/index.php(118): Dispatcher->dispatch(Object(CakeRequest), Object(CakeResponse))
#5 {main}
2018-08-25 03:34:42 Error: Fatal Error (4): syntax error, unexpected ';' in [/var/www/html/cakephp/app/Controller/TarefasController.php, line 16]
2018-08-25 03:34:42 Error: [FatalErrorException] syntax error, unexpected ';'
Request URL: /cakephp/tarefas/3.json
Stack Trace:
#0 /var/www/html/cakephp/lib/Cake/Error/ErrorHandler.php(212): ErrorHandler::handleFatalError(4, 'syntax error, u...', '/var/www/html/c...', 16)
#1 [internal function]: ErrorHandler::handleError(4, 'syntax error, u...', '/var/www/html/c...', 16, Array)
#2 /var/www/html/cakephp/lib/Cake/Core/App.php(970): call_user_func('ErrorHandler::h...', 4, 'syntax error, u...', '/var/www/html/c...', 16, Array)
#3 /var/www/html/cakephp/lib/Cake/Core/App.php(943): App::_checkFatalError()
#4 [internal function]: App::shutdown()
#5 {main}
2018-08-25 03:35:20 Error: Fatal Error (4): syntax error, unexpected ';' in [/var/www/html/cakephp/app/Controller/TarefasController.php, line 17]
2018-08-25 03:35:20 Error: [FatalErrorException] syntax error, unexpected ';'
Request URL: /cakephp/tarefas/3.json
Stack Trace:
#0 /var/www/html/cakephp/lib/Cake/Error/ErrorHandler.php(212): ErrorHandler::handleFatalError(4, 'syntax error, u...', '/var/www/html/c...', 17)
#1 [internal function]: ErrorHandler::handleError(4, 'syntax error, u...', '/var/www/html/c...', 17, Array)
#2 /var/www/html/cakephp/lib/Cake/Core/App.php(970): call_user_func('ErrorHandler::h...', 4, 'syntax error, u...', '/var/www/html/c...', 17, Array)
#3 /var/www/html/cakephp/lib/Cake/Core/App.php(943): App::_checkFatalError()
#4 [internal function]: App::shutdown()
#5 {main}
2018-08-25 03:36:36 Error: [PDOException] SQLSTATE[42S22]: Column not found: 1054 Unknown column 'tarefas.ordem' in 'order clause'
Request URL: /cakephp/tarefas.json
Stack Trace:
#0 /var/www/html/cakephp/lib/Cake/Model/Datasource/DboSource.php(472): PDOStatement->execute(Array)
#1 /var/www/html/cakephp/lib/Cake/Model/Datasource/DboSource.php(438): DboSource->_execute('SELECT `Tarefa`...', Array)
#2 /var/www/html/cakephp/lib/Cake/Model/Datasource/DboSource.php(675): DboSource->execute('SELECT `Tarefa`...', Array, Array)
#3 /var/www/html/cakephp/lib/Cake/Model/Datasource/DboSource.php(1186): DboSource->fetchAll('SELECT `Tarefa`...', false)
#4 /var/www/html/cakephp/lib/Cake/Model/Model.php(3040): DboSource->read(Object(Tarefa), Array)
#5 /var/www/html/cakephp/lib/Cake/Model/Model.php(3012): Model->_readDataSource('all', Array)
#6 /var/www/html/cakephp/app/Controller/TarefasController.php(17): Model->find('all', Array)
#7 [internal function]: TarefasController->index()
#8 /var/www/html/cakephp/lib/Cake/Controller/Controller.php(491): ReflectionMethod->invokeArgs(Object(TarefasController), Array)
#9 /var/www/html/cakephp/lib/Cake/Routing/Dispatcher.php(193): Controller->invokeAction(Object(CakeRequest))
#10 /var/www/html/cakephp/lib/Cake/Routing/Dispatcher.php(167): Dispatcher->_invoke(Object(TarefasController), Object(CakeRequest))
#11 /var/www/html/cakephp/app/webroot/index.php(118): Dispatcher->dispatch(Object(CakeRequest), Object(CakeResponse))
#12 {main}
2018-08-25 10:57:50 Error: [MissingActionException] Action AppController::tmp() could not be found.
Exception Attributes: array (
  'controller' => 'AppController',
  'action' => 'tmp',
)
Request URL: /cakephp/app/tmp/cache/models/myapp_cake_model_default_cake_list
Stack Trace:
#0 /var/www/html/cakephp/lib/Cake/Routing/Dispatcher.php(193): Controller->invokeAction(Object(CakeRequest))
#1 /var/www/html/cakephp/lib/Cake/Routing/Dispatcher.php(167): Dispatcher->_invoke(Object(AppController), Object(CakeRequest))
#2 /var/www/html/cakephp/app/webroot/index.php(118): Dispatcher->dispatch(Object(CakeRequest), Object(CakeResponse))
#3 {main}
2018-08-25 10:57:56 Error: [MissingControllerException] Controller class TmpController could not be found.
Exception Attributes: array (
  'class' => 'TmpController',
  'plugin' => NULL,
)
Request URL: /cakephp/tmp/cache/models/myapp_cake_model_default_cake_list
Stack Trace:
#0 /var/www/html/cakephp/app/webroot/index.php(118): Dispatcher->dispatch(Object(CakeRequest), Object(CakeResponse))
#1 {main}
2018-08-25 11:44:01 Error: [MissingActionException] Action AppController::index() could not be found.
Exception Attributes: array (
  'controller' => 'AppController',
  'action' => 'index',
)
Request URL: /cakephp/app/
Stack Trace:
#0 /var/www/html/cakephp/lib/Cake/Routing/Dispatcher.php(193): Controller->invokeAction(Object(CakeRequest))
#1 /var/www/html/cakephp/lib/Cake/Routing/Dispatcher.php(167): Dispatcher->_invoke(Object(AppController), Object(CakeRequest))
#2 /var/www/html/cakephp/app/webroot/index.php(118): Dispatcher->dispatch(Object(CakeRequest), Object(CakeResponse))
#3 {main}
2018-08-25 11:44:21 Error: [MissingActionException] Action AppController::index() could not be found.
Exception Attributes: array (
  'controller' => 'AppController',
  'action' => 'index',
)
Request URL: /cakephp/app/
Stack Trace:
#0 /var/www/html/cakephp/lib/Cake/Routing/Dispatcher.php(193): Controller->invokeAction(Object(CakeRequest))
#1 /var/www/html/cakephp/lib/Cake/Routing/Dispatcher.php(167): Dispatcher->_invoke(Object(AppController), Object(CakeRequest))
#2 /var/www/html/cakephp/app/webroot/index.php(118): Dispatcher->dispatch(Object(CakeRequest), Object(CakeResponse))
#3 {main}
2018-08-25 11:44:23 Error: [MissingActionException] Action AppController::index() could not be found.
Exception Attributes: array (
  'controller' => 'AppController',
  'action' => 'index',
)
Request URL: /cakephp/app/
Stack Trace:
#0 /var/www/html/cakephp/lib/Cake/Routing/Dispatcher.php(193): Controller->invokeAction(Object(CakeRequest))
#1 /var/www/html/cakephp/lib/Cake/Routing/Dispatcher.php(167): Dispatcher->_invoke(Object(AppController), Object(CakeRequest))
#2 /var/www/html/cakephp/app/webroot/index.php(118): Dispatcher->dispatch(Object(CakeRequest), Object(CakeResponse))
#3 {main}
2018-08-25 11:44:33 Error: [MissingViewException] View file "App/index.ctp" is missing.
Exception Attributes: array (
  'file' => 'App/index.ctp',
)
Request URL: /cakephp/app/
Stack Trace:
#0 /var/www/html/cakephp/lib/Cake/View/View.php(470): View->_getViewFileName(NULL)
#1 /var/www/html/cakephp/lib/Cake/Controller/Controller.php(963): View->render(NULL, NULL)
#2 /var/www/html/cakephp/lib/Cake/Routing/Dispatcher.php(200): Controller->render()
#3 /var/www/html/cakephp/lib/Cake/Routing/Dispatcher.php(167): Dispatcher->_invoke(Object(AppController), Object(CakeRequest))
#4 /var/www/html/cakephp/app/webroot/index.php(118): Dispatcher->dispatch(Object(CakeRequest), Object(CakeResponse))
#5 {main}
2018-08-25 13:12:52 Error: [MissingActionException] Action AppController::app() could not be found.
Exception Attributes: array (
  'controller' => 'AppController',
  'action' => 'app',
)
Request URL: /cakephp/app/app.js
Stack Trace:
#0 /var/www/html/cakephp/lib/Cake/Routing/Dispatcher.php(193): Controller->invokeAction(Object(CakeRequest))
#1 /var/www/html/cakephp/lib/Cake/Routing/Dispatcher.php(167): Dispatcher->_invoke(Object(AppController), Object(CakeRequest))
#2 /var/www/html/cakephp/app/webroot/index.php(118): Dispatcher->dispatch(Object(CakeRequest), Object(CakeResponse))
#3 {main}
2018-08-25 13:14:11 Error: [MissingActionException] Action AppController::app() could not be found.
Exception Attributes: array (
  'controller' => 'AppController',
  'action' => 'app',
)
Request URL: /cakephp/app/app.js
Stack Trace:
#0 /var/www/html/cakephp/lib/Cake/Routing/Dispatcher.php(193): Controller->invokeAction(Object(CakeRequest))
#1 /var/www/html/cakephp/lib/Cake/Routing/Dispatcher.php(167): Dispatcher->_invoke(Object(AppController), Object(CakeRequest))
#2 /var/www/html/cakephp/app/webroot/index.php(118): Dispatcher->dispatch(Object(CakeRequest), Object(CakeResponse))
#3 {main}
2018-08-25 13:14:44 Error: [MissingActionException] Action AppController::gerenciador-tarefas() could not be found.
Exception Attributes: array (
  'controller' => 'AppController',
  'action' => 'gerenciador-tarefas',
)
Request URL: /cakephp/app/gerenciador-tarefas.js
Stack Trace:
#0 /var/www/html/cakephp/lib/Cake/Routing/Dispatcher.php(193): Controller->invokeAction(Object(CakeRequest))
#1 /var/www/html/cakephp/lib/Cake/Routing/Dispatcher.php(167): Dispatcher->_invoke(Object(AppController), Object(CakeRequest))
#2 /var/www/html/cakephp/app/webroot/index.php(118): Dispatcher->dispatch(Object(CakeRequest), Object(CakeResponse))
#3 {main}
2018-08-25 13:15:07 Error: [MissingActionException] Action AppController::gerenciador-tarefas() could not be found.
Exception Attributes: array (
  'controller' => 'AppController',
  'action' => 'gerenciador-tarefas',
)
Request URL: /cakephp/app/gerenciador-tarefas.js
Stack Trace:
#0 /var/www/html/cakephp/lib/Cake/Routing/Dispatcher.php(193): Controller->invokeAction(Object(CakeRequest))
#1 /var/www/html/cakephp/lib/Cake/Routing/Dispatcher.php(167): Dispatcher->_invoke(Object(AppController), Object(CakeRequest))
#2 /var/www/html/cakephp/app/webroot/index.php(118): Dispatcher->dispatch(Object(CakeRequest), Object(CakeResponse))
#3 {main}
2018-08-25 13:15:45 Error: [MissingActionException] Action AppController::js() could not be found.
Exception Attributes: array (
  'controller' => 'AppController',
  'action' => 'js',
)
Request URL: /cakephp/app/js/gerenciador-tarefas.js
Stack Trace:
#0 /var/www/html/cakephp/lib/Cake/Routing/Dispatcher.php(193): Controller->invokeAction(Object(CakeRequest))
#1 /var/www/html/cakephp/lib/Cake/Routing/Dispatcher.php(167): Dispatcher->_invoke(Object(AppController), Object(CakeRequest))
#2 /var/www/html/cakephp/app/webroot/index.php(118): Dispatcher->dispatch(Object(CakeRequest), Object(CakeResponse))
#3 {main}
2018-08-25 13:15:49 Error: [MissingActionException] Action AppController::js() could not be found.
Exception Attributes: array (
  'controller' => 'AppController',
  'action' => 'js',
)
Request URL: /cakephp/app/js/js/vue.min.js.js
Stack Trace:
#0 /var/www/html/cakephp/lib/Cake/Routing/Dispatcher.php(193): Controller->invokeAction(Object(CakeRequest))
#1 /var/www/html/cakephp/lib/Cake/Routing/Dispatcher.php(167): Dispatcher->_invoke(Object(AppController), Object(CakeRequest))
#2 /var/www/html/cakephp/app/webroot/index.php(118): Dispatcher->dispatch(Object(CakeRequest), Object(CakeResponse))
#3 {main}
2018-08-25 13:16:20 Error: [MissingActionException] Action AppController::js() could not be found.
Exception Attributes: array (
  'controller' => 'AppController',
  'action' => 'js',
)
Request URL: /cakephp/app/js/js/vue.min.js.js
Stack Trace:
#0 /var/www/html/cakephp/lib/Cake/Routing/Dispatcher.php(193): Controller->invokeAction(Object(CakeRequest))
#1 /var/www/html/cakephp/lib/Cake/Routing/Dispatcher.php(167): Dispatcher->_invoke(Object(AppController), Object(CakeRequest))
#2 /var/www/html/cakephp/app/webroot/index.php(118): Dispatcher->dispatch(Object(CakeRequest), Object(CakeResponse))
#3 {main}
2018-08-25 13:16:27 Error: [MissingActionException] Action AppController::js() could not be found.
Exception Attributes: array (
  'controller' => 'AppController',
  'action' => 'js',
)
Request URL: /cakephp/app/js/js/vue.min.js.js
Stack Trace:
#0 /var/www/html/cakephp/lib/Cake/Routing/Dispatcher.php(193): Controller->invokeAction(Object(CakeRequest))
#1 /var/www/html/cakephp/lib/Cake/Routing/Dispatcher.php(167): Dispatcher->_invoke(Object(AppController), Object(CakeRequest))
#2 /var/www/html/cakephp/app/webroot/index.php(118): Dispatcher->dispatch(Object(CakeRequest), Object(CakeResponse))
#3 {main}
2018-08-25 13:16:29 Error: [MissingActionException] Action AppController::js() could not be found.
Exception Attributes: array (
  'controller' => 'AppController',
  'action' => 'js',
)
Request URL: /cakephp/app/js/js/vue.min.js.js
Stack Trace:
#0 /var/www/html/cakephp/lib/Cake/Routing/Dispatcher.php(193): Controller->invokeAction(Object(CakeRequest))
#1 /var/www/html/cakephp/lib/Cake/Routing/Dispatcher.php(167): Dispatcher->_invoke(Object(AppController), Object(CakeRequest))
#2 /var/www/html/cakephp/app/webroot/index.php(118): Dispatcher->dispatch(Object(CakeRequest), Object(CakeResponse))
#3 {main}
2018-08-25 13:16:35 Error: [MissingActionException] Action AppController::js() could not be found.
Exception Attributes: array (
  'controller' => 'AppController',
  'action' => 'js',
)
Request URL: /cakephp/app/js/js/vue.min.js.js
Stack Trace:
#0 /var/www/html/cakephp/lib/Cake/Routing/Dispatcher.php(193): Controller->invokeAction(Object(CakeRequest))
#1 /var/www/html/cakephp/lib/Cake/Routing/Dispatcher.php(167): Dispatcher->_invoke(Object(AppController), Object(CakeRequest))
#2 /var/www/html/cakephp/app/webroot/index.php(118): Dispatcher->dispatch(Object(CakeRequest), Object(CakeResponse))
#3 {main}
2018-08-25 13:17:09 Error: [MissingActionException] Action AppController::js() could not be found.
Exception Attributes: array (
  'controller' => 'AppController',
  'action' => 'js',
)
Request URL: /cakephp/app/js/js/vue.min.js.js
Stack Trace:
#0 /var/www/html/cakephp/lib/Cake/Routing/Dispatcher.php(193): Controller->invokeAction(Object(CakeRequest))
#1 /var/www/html/cakephp/lib/Cake/Routing/Dispatcher.php(167): Dispatcher->_invoke(Object(AppController), Object(CakeRequest))
#2 /var/www/html/cakephp/app/webroot/index.php(118): Dispatcher->dispatch(Object(CakeRequest), Object(CakeResponse))
#3 {main}
2018-08-25 13:17:12 Error: [MissingActionException] Action AppController::js() could not be found.
Exception Attributes: array (
  'controller' => 'AppController',
  'action' => 'js',
)
Request URL: /cakephp/app/js/js/vue.min.js.js
Stack Trace:
#0 /var/www/html/cakephp/lib/Cake/Routing/Dispatcher.php(193): Controller->invokeAction(Object(CakeRequest))
#1 /var/www/html/cakephp/lib/Cake/Routing/Dispatcher.php(167): Dispatcher->_invoke(Object(AppController), Object(CakeRequest))
#2 /var/www/html/cakephp/app/webroot/index.php(118): Dispatcher->dispatch(Object(CakeRequest), Object(CakeResponse))
#3 {main}
2018-08-25 13:17:15 Error: [MissingActionException] Action AppController::js() could not be found.
Exception Attributes: array (
  'controller' => 'AppController',
  'action' => 'js',
)
Request URL: /cakephp/app/js/js/require-vuejs.js
Stack Trace:
#0 /var/www/html/cakephp/lib/Cake/Routing/Dispatcher.php(193): Controller->invokeAction(Object(CakeRequest))
#1 /var/www/html/cakephp/lib/Cake/Routing/Dispatcher.php(167): Dispatcher->_invoke(Object(AppController), Object(CakeRequest))
#2 /var/www/html/cakephp/app/webroot/index.php(118): Dispatcher->dispatch(Object(CakeRequest), Object(CakeResponse))
#3 {main}
2018-08-25 13:17:15 Error: [MissingActionException] Action AppController::js() could not be found.
Exception Attributes: array (
  'controller' => 'AppController',
  'action' => 'js',
)
Request URL: /cakephp/app/js/js/vue.min.js
Stack Trace:
#0 /var/www/html/cakephp/lib/Cake/Routing/Dispatcher.php(193): Controller->invokeAction(Object(CakeRequest))
#1 /var/www/html/cakephp/lib/Cake/Routing/Dispatcher.php(167): Dispatcher->_invoke(Object(AppController), Object(CakeRequest))
#2 /var/www/html/cakephp/app/webroot/index.php(118): Dispatcher->dispatch(Object(CakeRequest), Object(CakeResponse))
#3 {main}
2018-08-25 13:20:59 Error: [MissingActionException] Action AppController::,() could not be found.
Exception Attributes: array (
  'controller' => 'AppController',
  'action' => ',',
)
Request URL: /cakephp/app/,
Stack Trace:
#0 /var/www/html/cakephp/lib/Cake/Routing/Dispatcher.php(193): Controller->invokeAction(Object(CakeRequest))
#1 /var/www/html/cakephp/lib/Cake/Routing/Dispatcher.php(167): Dispatcher->_invoke(Object(AppController), Object(CakeRequest))
#2 /var/www/html/cakephp/app/webroot/index.php(118): Dispatcher->dispatch(Object(CakeRequest), Object(CakeResponse))
#3 {main}
2018-08-25 13:25:04 Error: [MissingActionException] Action AppController::,() could not be found.
Exception Attributes: array (
  'controller' => 'AppController',
  'action' => ',',
)
Request URL: /cakephp/app/,
Stack Trace:
#0 /var/www/html/cakephp/lib/Cake/Routing/Dispatcher.php(193): Controller->invokeAction(Object(CakeRequest))
#1 /var/www/html/cakephp/lib/Cake/Routing/Dispatcher.php(167): Dispatcher->_invoke(Object(AppController), Object(CakeRequest))
#2 /var/www/html/cakephp/app/webroot/index.php(118): Dispatcher->dispatch(Object(CakeRequest), Object(CakeResponse))
#3 {main}
2018-08-25 14:10:30 Error: [MissingActionException] Action AppController::js() could not be found.
Exception Attributes: array (
  'controller' => 'AppController',
  'action' => 'js',
)
Request URL: /cakephp/app/js/require-vuejs.min.js
Stack Trace:
#0 /var/www/html/cakephp/lib/Cake/Routing/Dispatcher.php(193): Controller->invokeAction(Object(CakeRequest))
#1 /var/www/html/cakephp/lib/Cake/Routing/Dispatcher.php(167): Dispatcher->_invoke(Object(AppController), Object(CakeRequest))
#2 /var/www/html/cakephp/app/webroot/index.php(118): Dispatcher->dispatch(Object(CakeRequest), Object(CakeResponse))
#3 {main}
2018-08-25 14:20:59 Error: [MissingActionException] Action AppController::js() could not be found.
Exception Attributes: array (
  'controller' => 'AppController',
  'action' => 'js',
)
Request URL: /cakephp/app/js/requirejs-vue.js
Stack Trace:
#0 /var/www/html/cakephp/lib/Cake/Routing/Dispatcher.php(193): Controller->invokeAction(Object(CakeRequest))
#1 /var/www/html/cakephp/lib/Cake/Routing/Dispatcher.php(167): Dispatcher->_invoke(Object(AppController), Object(CakeRequest))
#2 /var/www/html/cakephp/app/webroot/index.php(118): Dispatcher->dispatch(Object(CakeRequest), Object(CakeResponse))
#3 {main}
2018-08-25 14:21:15 Error: [MissingActionException] Action AppController::js() could not be found.
Exception Attributes: array (
  'controller' => 'AppController',
  'action' => 'js',
)
Request URL: /cakephp/app/js/requirejs-vue.js
Stack Trace:
#0 /var/www/html/cakephp/lib/Cake/Routing/Dispatcher.php(193): Controller->invokeAction(Object(CakeRequest))
#1 /var/www/html/cakephp/lib/Cake/Routing/Dispatcher.php(167): Dispatcher->_invoke(Object(AppController), Object(CakeRequest))
#2 /var/www/html/cakephp/app/webroot/index.php(118): Dispatcher->dispatch(Object(CakeRequest), Object(CakeResponse))
#3 {main}
2018-08-25 14:23:40 Error: [MissingActionException] Action AppController::js() could not be found.
Exception Attributes: array (
  'controller' => 'AppController',
  'action' => 'js',
)
Request URL: /cakephp/app/js/requirejs-vue.js
Stack Trace:
#0 /var/www/html/cakephp/lib/Cake/Routing/Dispatcher.php(193): Controller->invokeAction(Object(CakeRequest))
#1 /var/www/html/cakephp/lib/Cake/Routing/Dispatcher.php(167): Dispatcher->_invoke(Object(AppController), Object(CakeRequest))
#2 /var/www/html/cakephp/app/webroot/index.php(118): Dispatcher->dispatch(Object(CakeRequest), Object(CakeResponse))
#3 {main}
2018-08-25 14:25:56 Error: [MissingActionException] Action AppController::js() could not be found.
Exception Attributes: array (
  'controller' => 'AppController',
  'action' => 'js',
)
Request URL: /cakephp/app/js/requirejs-vue.js
Stack Trace:
#0 /var/www/html/cakephp/lib/Cake/Routing/Dispatcher.php(193): Controller->invokeAction(Object(CakeRequest))
#1 /var/www/html/cakephp/lib/Cake/Routing/Dispatcher.php(167): Dispatcher->_invoke(Object(AppController), Object(CakeRequest))
#2 /var/www/html/cakephp/app/webroot/index.php(118): Dispatcher->dispatch(Object(CakeRequest), Object(CakeResponse))
#3 {main}
2018-08-25 14:26:24 Error: [MissingActionException] Action AppController::js() could not be found.
Exception Attributes: array (
  'controller' => 'AppController',
  'action' => 'js',
)
Request URL: /cakephp/app/js/requirejs-vue.js
Stack Trace:
#0 /var/www/html/cakephp/lib/Cake/Routing/Dispatcher.php(193): Controller->invokeAction(Object(CakeRequest))
#1 /var/www/html/cakephp/lib/Cake/Routing/Dispatcher.php(167): Dispatcher->_invoke(Object(AppController), Object(CakeRequest))
#2 /var/www/html/cakephp/app/webroot/index.php(118): Dispatcher->dispatch(Object(CakeRequest), Object(CakeResponse))
#3 {main}
2018-08-25 14:26:43 Error: [MissingActionException] Action AppController::js() could not be found.
Exception Attributes: array (
  'controller' => 'AppController',
  'action' => 'js',
)
Request URL: /cakephp/app/js/requirejs-vue.js
Stack Trace:
#0 /var/www/html/cakephp/lib/Cake/Routing/Dispatcher.php(193): Controller->invokeAction(Object(CakeRequest))
#1 /var/www/html/cakephp/lib/Cake/Routing/Dispatcher.php(167): Dispatcher->_invoke(Object(AppController), Object(CakeRequest))
#2 /var/www/html/cakephp/app/webroot/index.php(118): Dispatcher->dispatch(Object(CakeRequest), Object(CakeResponse))
#3 {main}
2018-08-25 14:28:50 Error: [MissingActionException] Action AppController::js() could not be found.
Exception Attributes: array (
  'controller' => 'AppController',
  'action' => 'js',
)
Request URL: /cakephp/app/js/gerenciador-tarefas.vue.js
Stack Trace:
#0 /var/www/html/cakephp/lib/Cake/Routing/Dispatcher.php(193): Controller->invokeAction(Object(CakeRequest))
#1 /var/www/html/cakephp/lib/Cake/Routing/Dispatcher.php(167): Dispatcher->_invoke(Object(AppController), Object(CakeRequest))
#2 /var/www/html/cakephp/app/webroot/index.php(118): Dispatcher->dispatch(Object(CakeRequest), Object(CakeResponse))
#3 {main}
2018-08-25 14:29:11 Error: [MissingActionException] Action AppController::js() could not be found.
Exception Attributes: array (
  'controller' => 'AppController',
  'action' => 'js',
)
Request URL: /cakephp/app/js/requirejs-vue.js
Stack Trace:
#0 /var/www/html/cakephp/lib/Cake/Routing/Dispatcher.php(193): Controller->invokeAction(Object(CakeRequest))
#1 /var/www/html/cakephp/lib/Cake/Routing/Dispatcher.php(167): Dispatcher->_invoke(Object(AppController), Object(CakeRequest))
#2 /var/www/html/cakephp/app/webroot/index.php(118): Dispatcher->dispatch(Object(CakeRequest), Object(CakeResponse))
#3 {main}
2018-08-25 14:31:37 Error: [MissingActionException] Action AppController::js() could not be found.
Exception Attributes: array (
  'controller' => 'AppController',
  'action' => 'js',
)
Request URL: /cakephp/app/js/requirejs-vue.js
Stack Trace:
#0 /var/www/html/cakephp/lib/Cake/Routing/Dispatcher.php(193): Controller->invokeAction(Object(CakeRequest))
#1 /var/www/html/cakephp/lib/Cake/Routing/Dispatcher.php(167): Dispatcher->_invoke(Object(AppController), Object(CakeRequest))
#2 /var/www/html/cakephp/app/webroot/index.php(118): Dispatcher->dispatch(Object(CakeRequest), Object(CakeResponse))
#3 {main}
2018-08-25 14:34:16 Error: [MissingActionException] Action AppController::js() could not be found.
Exception Attributes: array (
  'controller' => 'AppController',
  'action' => 'js',
)
Request URL: /cakephp/app/js/requirejs-vue.js
Stack Trace:
#0 /var/www/html/cakephp/lib/Cake/Routing/Dispatcher.php(193): Controller->invokeAction(Object(CakeRequest))
#1 /var/www/html/cakephp/lib/Cake/Routing/Dispatcher.php(167): Dispatcher->_invoke(Object(AppController), Object(CakeRequest))
#2 /var/www/html/cakephp/app/webroot/index.php(118): Dispatcher->dispatch(Object(CakeRequest), Object(CakeResponse))
#3 {main}
2018-08-25 15:07:36 Error: [MissingActionException] Action AppController::,() could not be found.
Exception Attributes: array (
  'controller' => 'AppController',
  'action' => ',',
)
Request URL: /cakephp/app/,
Stack Trace:
#0 /var/www/html/cakephp/lib/Cake/Routing/Dispatcher.php(193): Controller->invokeAction(Object(CakeRequest))
#1 /var/www/html/cakephp/lib/Cake/Routing/Dispatcher.php(167): Dispatcher->_invoke(Object(AppController), Object(CakeRequest))
#2 /var/www/html/cakephp/app/webroot/index.php(118): Dispatcher->dispatch(Object(CakeRequest), Object(CakeResponse))
#3 {main}
2018-08-25 15:26:10 Error: [MissingActionException] Action AppController::tarefas() could not be found.
Exception Attributes: array (
  'controller' => 'AppController',
  'action' => 'tarefas',
)
Request URL: /cakephp/app/tarefas.json
Stack Trace:
#0 /var/www/html/cakephp/lib/Cake/Routing/Dispatcher.php(193): Controller->invokeAction(Object(CakeRequest))
#1 /var/www/html/cakephp/lib/Cake/Routing/Dispatcher.php(167): Dispatcher->_invoke(Object(AppController), Object(CakeRequest))
#2 /var/www/html/cakephp/app/webroot/index.php(118): Dispatcher->dispatch(Object(CakeRequest), Object(CakeResponse))
#3 {main}
2018-08-25 15:38:45 Error: [MissingControllerException] Controller class QuestoesController could not be found.
Exception Attributes: array (
  'class' => 'QuestoesController',
  'plugin' => NULL,
)
Request URL: /cakephp/questoes/FizzBuzz.php
Stack Trace:
#0 /var/www/html/cakephp/app/webroot/index.php(118): Dispatcher->dispatch(Object(CakeRequest), Object(CakeResponse))
#1 {main}
2018-08-25 15:42:00 Error: [MissingActionException] Action QuestoesController::FizzBuzz() could not be found.
Exception Attributes: array (
  'controller' => 'QuestoesController',
  'action' => 'FizzBuzz',
)
Request URL: /cakephp/questoes/FizzBuzz
Stack Trace:
#0 /var/www/html/cakephp/lib/Cake/Routing/Dispatcher.php(193): Controller->invokeAction(Object(CakeRequest))
#1 /var/www/html/cakephp/lib/Cake/Routing/Dispatcher.php(167): Dispatcher->_invoke(Object(QuestoesController), Object(CakeRequest))
#2 /var/www/html/cakephp/app/webroot/index.php(118): Dispatcher->dispatch(Object(CakeRequest), Object(CakeResponse))
#3 {main}
2018-08-25 15:42:24 Error: Fatal Error (1): Class 'FizzBuzz' not found in [/var/www/html/cakephp/app/Controller/QuestoesController.php, line 40]
2018-08-25 15:42:24 Error: [FatalErrorException] Class 'FizzBuzz' not found
Request URL: /cakephp/questoes/fizzBuzz
Stack Trace:
#0 /var/www/html/cakephp/lib/Cake/Error/ErrorHandler.php(212): ErrorHandler::handleFatalError(1, 'Class 'FizzBuzz...', '/var/www/html/c...', 40)
#1 [internal function]: ErrorHandler::handleError(1, 'Class 'FizzBuzz...', '/var/www/html/c...', 40, Array)
#2 /var/www/html/cakephp/lib/Cake/Core/App.php(970): call_user_func('ErrorHandler::h...', 1, 'Class 'FizzBuzz...', '/var/www/html/c...', 40, Array)
#3 /var/www/html/cakephp/lib/Cake/Core/App.php(943): App::_checkFatalError()
#4 [internal function]: App::shutdown()
#5 {main}
2018-08-25 15:42:58 Error: Fatal Error (1): Class 'FizzBuzz' not found in [/var/www/html/cakephp/app/Controller/QuestoesController.php, line 40]
2018-08-25 15:42:58 Error: [FatalErrorException] Class 'FizzBuzz' not found
Request URL: /cakephp/questoes/fizzBuzz
Stack Trace:
#0 /var/www/html/cakephp/lib/Cake/Error/ErrorHandler.php(212): ErrorHandler::handleFatalError(1, 'Class 'FizzBuzz...', '/var/www/html/c...', 40)
#1 [internal function]: ErrorHandler::handleError(1, 'Class 'FizzBuzz...', '/var/www/html/c...', 40, Array)
#2 /var/www/html/cakephp/lib/Cake/Core/App.php(970): call_user_func('ErrorHandler::h...', 1, 'Class 'FizzBuzz...', '/var/www/html/c...', 40, Array)
#3 /var/www/html/cakephp/lib/Cake/Core/App.php(943): App::_checkFatalError()
#4 [internal function]: App::shutdown()
#5 {main}
2018-08-25 15:43:01 Error: Fatal Error (1): Class 'FizzBuzz' not found in [/var/www/html/cakephp/app/Controller/QuestoesController.php, line 40]
2018-08-25 15:43:01 Error: [FatalErrorException] Class 'FizzBuzz' not found
Request URL: /cakephp/questoes/fizzBuzz
Stack Trace:
#0 /var/www/html/cakephp/lib/Cake/Error/ErrorHandler.php(212): ErrorHandler::handleFatalError(1, 'Class 'FizzBuzz...', '/var/www/html/c...', 40)
#1 [internal function]: ErrorHandler::handleError(1, 'Class 'FizzBuzz...', '/var/www/html/c...', 40, Array)
#2 /var/www/html/cakephp/lib/Cake/Core/App.php(970): call_user_func('ErrorHandler::h...', 1, 'Class 'FizzBuzz...', '/var/www/html/c...', 40, Array)
#3 /var/www/html/cakephp/lib/Cake/Core/App.php(943): App::_checkFatalError()
#4 [internal function]: App::shutdown()
#5 {main}
2018-08-25 15:43:28 Error: Fatal Error (1): Class 'FizzBuzz' not found in [/var/www/html/cakephp/app/Controller/QuestoesController.php, line 40]
2018-08-25 15:43:28 Error: [FatalErrorException] Class 'FizzBuzz' not found
Request URL: /cakephp/questoes/fizzBuzz
Stack Trace:
#0 /var/www/html/cakephp/lib/Cake/Error/ErrorHandler.php(212): ErrorHandler::handleFatalError(1, 'Class 'FizzBuzz...', '/var/www/html/c...', 40)
#1 [internal function]: ErrorHandler::handleError(1, 'Class 'FizzBuzz...', '/var/www/html/c...', 40, Array)
#2 /var/www/html/cakephp/lib/Cake/Core/App.php(970): call_user_func('ErrorHandler::h...', 1, 'Class 'FizzBuzz...', '/var/www/html/c...', 40, Array)
#3 /var/www/html/cakephp/lib/Cake/Core/App.php(943): App::_checkFatalError()
#4 [internal function]: App::shutdown()
#5 {main}
2018-08-25 15:43:34 Error: Fatal Error (1): Class 'FizzBuzz' not found in [/var/www/html/cakephp/app/Controller/QuestoesController.php, line 40]
2018-08-25 15:43:34 Error: [FatalErrorException] Class 'FizzBuzz' not found
Request URL: /cakephp/questoes/fizzBuzz
Stack Trace:
#0 /var/www/html/cakephp/lib/Cake/Error/ErrorHandler.php(212): ErrorHandler::handleFatalError(1, 'Class 'FizzBuzz...', '/var/www/html/c...', 40)
#1 [internal function]: ErrorHandler::handleError(1, 'Class 'FizzBuzz...', '/var/www/html/c...', 40, Array)
#2 /var/www/html/cakephp/lib/Cake/Core/App.php(970): call_user_func('ErrorHandler::h...', 1, 'Class 'FizzBuzz...', '/var/www/html/c...', 40, Array)
#3 /var/www/html/cakephp/lib/Cake/Core/App.php(943): App::_checkFatalError()
#4 [internal function]: App::shutdown()
#5 {main}
2018-08-25 15:44:47 Error: Fatal Error (4): syntax error, unexpected '$fizzBuzzObj' (T_VARIABLE) in [/var/www/html/cakephp/app/Controller/QuestoesController.php, line 42]
2018-08-25 15:44:47 Error: [FatalErrorException] syntax error, unexpected '$fizzBuzzObj' (T_VARIABLE)
Request URL: /cakephp/questoes/fizzBuzz
Stack Trace:
#0 /var/www/html/cakephp/lib/Cake/Error/ErrorHandler.php(212): ErrorHandler::handleFatalError(4, 'syntax error, u...', '/var/www/html/c...', 42)
#1 [internal function]: ErrorHandler::handleError(4, 'syntax error, u...', '/var/www/html/c...', 42, Array)
#2 /var/www/html/cakephp/lib/Cake/Core/App.php(970): call_user_func('ErrorHandler::h...', 4, 'syntax error, u...', '/var/www/html/c...', 42, Array)
#3 /var/www/html/cakephp/lib/Cake/Core/App.php(943): App::_checkFatalError()
#4 [internal function]: App::shutdown()
#5 {main}
2018-08-25 15:45:00 Error: [MissingViewException] View file "Questoes/fizz_buzz.ctp" is missing.
Exception Attributes: array (
  'file' => 'Questoes/fizz_buzz.ctp',
)
Request URL: /cakephp/questoes/fizzBuzz
Stack Trace:
#0 /var/www/html/cakephp/lib/Cake/View/View.php(470): View->_getViewFileName(NULL)
#1 /var/www/html/cakephp/lib/Cake/Controller/Controller.php(963): View->render(NULL, NULL)
#2 /var/www/html/cakephp/lib/Cake/Routing/Dispatcher.php(200): Controller->render()
#3 /var/www/html/cakephp/lib/Cake/Routing/Dispatcher.php(167): Dispatcher->_invoke(Object(QuestoesController), Object(CakeRequest))
#4 /var/www/html/cakephp/app/webroot/index.php(118): Dispatcher->dispatch(Object(CakeRequest), Object(CakeResponse))
#5 {main}
2018-08-25 15:45:56 Error: [MissingViewException] View file "Questoes/fizz_buzz.ctp" is missing.
Exception Attributes: array (
  'file' => 'Questoes/fizz_buzz.ctp',
)
Request URL: /cakephp/questoes/fizzBuzz
Stack Trace:
#0 /var/www/html/cakephp/lib/Cake/View/View.php(470): View->_getViewFileName(NULL)
#1 /var/www/html/cakephp/lib/Cake/Controller/Controller.php(963): View->render(NULL, NULL)
#2 /var/www/html/cakephp/lib/Cake/Routing/Dispatcher.php(200): Controller->render()
#3 /var/www/html/cakephp/lib/Cake/Routing/Dispatcher.php(167): Dispatcher->_invoke(Object(QuestoesController), Object(CakeRequest))
#4 /var/www/html/cakephp/app/webroot/index.php(118): Dispatcher->dispatch(Object(CakeRequest), Object(CakeResponse))
#5 {main}
2018-08-25 15:48:03 Error: [MissingViewException] View file "Questoes/fizz_buzz.ctp" is missing.
Exception Attributes: array (
  'file' => 'Questoes/fizz_buzz.ctp',
)
Request URL: /cakephp/questoes/fizzBuzz
Stack Trace:
#0 /var/www/html/cakephp/lib/Cake/View/View.php(470): View->_getViewFileName(NULL)
#1 /var/www/html/cakephp/lib/Cake/Controller/Controller.php(963): View->render(NULL, NULL)
#2 /var/www/html/cakephp/lib/Cake/Routing/Dispatcher.php(200): Controller->render()
#3 /var/www/html/cakephp/lib/Cake/Routing/Dispatcher.php(167): Dispatcher->_invoke(Object(QuestoesController), Object(CakeRequest))
#4 /var/www/html/cakephp/app/webroot/index.php(118): Dispatcher->dispatch(Object(CakeRequest), Object(CakeResponse))
#5 {main}
2018-08-25 15:48:25 Error: [MissingViewException] View file "Questoes/fizz_buzz.ctp" is missing.
Exception Attributes: array (
  'file' => 'Questoes/fizz_buzz.ctp',
)
Request URL: /cakephp/questoes/fizzBuzz
Stack Trace:
#0 /var/www/html/cakephp/lib/Cake/View/View.php(470): View->_getViewFileName(NULL)
#1 /var/www/html/cakephp/lib/Cake/Controller/Controller.php(963): View->render(NULL, NULL)
#2 /var/www/html/cakephp/lib/Cake/Routing/Dispatcher.php(200): Controller->render()
#3 /var/www/html/cakephp/lib/Cake/Routing/Dispatcher.php(167): Dispatcher->_invoke(Object(QuestoesController), Object(CakeRequest))
#4 /var/www/html/cakephp/app/webroot/index.php(118): Dispatcher->dispatch(Object(CakeRequest), Object(CakeResponse))
#5 {main}
2018-08-25 15:48:36 Error: [MissingViewException] View file "Questoes/fizz_buzz.ctp" is missing.
Exception Attributes: array (
  'file' => 'Questoes/fizz_buzz.ctp',
)
Request URL: /cakephp/questoes/fizzBuzz
Stack Trace:
#0 /var/www/html/cakephp/lib/Cake/View/View.php(470): View->_getViewFileName(NULL)
#1 /var/www/html/cakephp/lib/Cake/Controller/Controller.php(963): View->render(NULL, NULL)
#2 /var/www/html/cakephp/lib/Cake/Routing/Dispatcher.php(200): Controller->render()
#3 /var/www/html/cakephp/lib/Cake/Routing/Dispatcher.php(167): Dispatcher->_invoke(Object(QuestoesController), Object(CakeRequest))
#4 /var/www/html/cakephp/app/webroot/index.php(118): Dispatcher->dispatch(Object(CakeRequest), Object(CakeResponse))
#5 {main}
2018-08-25 15:48:38 Error: [MissingViewException] View file "Questoes/fizz_buzz.ctp" is missing.
Exception Attributes: array (
  'file' => 'Questoes/fizz_buzz.ctp',
)
Request URL: /cakephp/questoes/fizzBuzz
Stack Trace:
#0 /var/www/html/cakephp/lib/Cake/View/View.php(470): View->_getViewFileName(NULL)
#1 /var/www/html/cakephp/lib/Cake/Controller/Controller.php(963): View->render(NULL, NULL)
#2 /var/www/html/cakephp/lib/Cake/Routing/Dispatcher.php(200): Controller->render()
#3 /var/www/html/cakephp/lib/Cake/Routing/Dispatcher.php(167): Dispatcher->_invoke(Object(QuestoesController), Object(CakeRequest))
#4 /var/www/html/cakephp/app/webroot/index.php(118): Dispatcher->dispatch(Object(CakeRequest), Object(CakeResponse))
#5 {main}
